
[Sep 18 1998, 13:46:39]
    Starting SMIT

1800-007 There are currently no SMIT
screen entries available for this FastPath.
This FastPath may require installation of
additional software before it can be accessed.

(Could not find SMIT database entry
for given FastPath id:
"dhcp".)


[Sep 18 1998, 13:46:41]
    Exiting SMIT


[Sep 18 1998, 13:46:46]
    Starting SMIT

(Menu screen selected as FastPath,
	id          = "commo",
	id_seq_num  = "010",
	next_id     = "tcpip",
	title       = "TCP/IP".)

(Menu screen selected,
	FastPath    = "tcpip",
	id_seq_num  = "010",
	next_id     = "tcpip",
	title       = "TCP/IP".)

(Menu screen selected,
	FastPath    = "configtcp",
	id_seq_num  = "020",
	next_id     = "configtcp",
	title       = "Further Configuration".)

(Menu screen selected,
	FastPath    = "configtcp",
	id_seq_num  = "020",
	next_id     = "configtcp",
	title       = "Further Configuration".)

(Menu screen selected,
	FastPath    = "ruser",
	id_seq_num  = "050",
	next_id     = "ruser",
	title       = "Server Network Services".)

(Menu screen selected,
	FastPath    = "otherserv",
	id_seq_num  = "030",
	next_id     = "otherserv",
	title       = "Other Available Services".)

(Menu screen selected,
	FastPath    = "dhcpsd",
	id_seq_num  = "100",
	next_id     = "dhcpsd",
	title       = "dhcpsd Subsystem".)

(Menu screen selected,
	FastPath    = "stdhcpsd",
	id_seq_num  = "010",
	next_id     = "stdhcpsd",
	title       = "Start Using the dhcpsd Subsystem".)

(Dialogue screen selected,
	FastPath    = "stdhcpsd_now",
	id          = "stdhcpsd_now",
	title       = "".)

[Sep 18 1998, 13:47:10]

    Command_to_Execute follows below:
>> startsrc -s dhcpsd


    Output from Command_to_Execute follows below:

---- start ----

0513-059 The dhcpsd Subsystem has been started. Subsystem PID is 18392.


---- end ----

[Sep 18 1998, 13:47:15]



[Sep 18 1998, 13:47:16]
    Exiting SMIT


[Sep 18 1998, 14:18:41]
    Starting SMIT

(Menu screen selected as FastPath,
	id          = "commo",
	id_seq_num  = "010",
	next_id     = "tcpip",
	title       = "TCP/IP".)

(Menu screen selected,
	FastPath    = "tcpip",
	id_seq_num  = "010",
	next_id     = "tcpip",
	title       = "TCP/IP".)

(Selector screen selected,
	FastPath  = "usedhcp",
	id        = "usedhcp",
	next_id   = "configdhcp",
	title     = "Use DHCP for TCPIP Configuration & Startup".)

(Menu screen selected,
	FastPath    = "configtcp",
	id_seq_num  = "020",
	next_id     = "configtcp",
	title       = "Further Configuration".)

(Menu screen selected,
	FastPath    = "ruser",
	id_seq_num  = "050",
	next_id     = "ruser",
	title       = "Server Network Services".)

(Menu screen selected,
	FastPath    = "otherserv",
	id_seq_num  = "030",
	next_id     = "otherserv",
	title       = "Other Available Services".)

(Menu screen selected,
	FastPath    = "dhcpcd",
	id_seq_num  = "110",
	next_id     = "dhcpcd",
	title       = "dhcpcd Subsystem".)

(Menu screen selected,
	FastPath    = "netinterface",
	id_seq_num  = "030",
	next_id     = "netinterface",
	title       = "Network Interfaces".)


[Sep 18 1998, 14:20:18]
    Exiting SMIT


[Sep 18 1998, 16:11:53]
    Starting SMIT

1800-007 There are currently no SMIT
screen entries available for this FastPath.
This FastPath may require installation of
additional software before it can be accessed.

(Could not find SMIT database entry
for given FastPath id:
"update_latest".)


[Sep 18 1998, 16:11:54]
    Exiting SMIT


[Sep 18 1998, 16:11:57]
    Starting SMIT

(Selector screen selected,
	FastPath  = "update_all",
	id        = "update_all",
	next_id   = "update_all.cmd_header",
	title     = "Update Currently Installed Software to Latest Level".)


[Sep 18 1998, 16:15:18]
    Exiting SMIT


[Sep 18 1998, 16:15:22]
    Starting SMIT

1800-007 There are currently no SMIT
screen entries available for this FastPath.
This FastPath may require installation of
additional software before it can be accessed.

(Could not find SMIT database entry
for given FastPath id:
"rmlpp".)


[Sep 18 1998, 16:15:23]
    Exiting SMIT


[Sep 18 1998, 16:15:25]
    Starting SMIT

(Menu screen selected,
	FastPath    = "top_menu",
	id_seq_num  = "0",
	next_id     = "top_menu",
	title       = "System Management".)

(Menu screen selected,
	FastPath    = "install",
	id_seq_num  = "010",
	next_id     = "install",
	title       = "Software Installation and Maintenance".)

(Menu screen selected,
	FastPath    = "maintain_software",
	id_seq_num  = "030",
	next_id     = "maintain_software",
	title       = "Maintain Installed Software".)

(Dialogue screen selected,
	FastPath    = "install_remove",
	id          = "install_remove",
	title       = "Remove Software Products".)


[Sep 18 1998, 16:15:33]
    Exiting SMIT


[Jan 18 1999, 11:58:30]
    Starting SMIT

(Menu screen selected as FastPath,
	id          = "dev",
	id_seq_num  = "030",
	next_id     = "tty",
	title       = "TTY".)

(Menu screen selected,
	FastPath    = "tty",
	id_seq_num  = "030",
	next_id     = "tty",
	title       = "TTY".)

(Selector screen selected,
	FastPath  = "chgtty",
	id        = "chgtty",
	next_id   = "chgtty_hdr_",
	title     = "Change / Show Characteristics of a TTY".)



    **** ERROR ****

1800-051 There are no items of this type.

(Selector screen selected,
	FastPath  = "maktty",
	id        = "maktty",
	next_id   = "maktty_parent",
	title     = "Add a TTY".)

(Selector screen selected,
	FastPath  = "maktty",
	id        = "maktty_parent",
	next_id   = "maktty_hdr_sel",
	title     = "Add a TTY".)

(Selector screen selected,
	FastPath  = "maktty",
	id        = "maktty_hdr_sel",
	next_id   = "maktty_hdr_",
	title     = "".)

(Dialogue screen selected,
	FastPath    = "maktty",
	id          = "maktty_hdr_rsdd",
	title       = "Add a TTY".)

[Jan 18 1999, 11:59:08]

    Command_to_Execute follows below:
>> mkdev -c tty  -t 'tty' -s 'rs232' -p 'sa0' -w 's1' -a login='delay' -a term='vt100'


    Output from Command_to_Execute follows below:

---- start ----

tty0 Available


---- end ----

[Jan 18 1999, 11:59:12]



[Jan 18 1999, 12:00:53]
    Exiting SMIT


[Jan 21 1999, 19:35:47]
    Starting SMIT

(Menu screen selected,
	FastPath    = "dev",
	id_seq_num  = "",
	next_id     = "dev",
	title       = "".)

(Menu screen selected,
	FastPath    = "g_display",
	id_seq_num  = "105",
	next_id     = "g_display",
	title       = "Graphic Displays".)

(Dialogue screen selected,
	FastPath    = "g_lsdisp",
	id          = "g_lsdisp",
	title       = "List All Graphics Adapters Available".)

[Jan 21 1999, 19:36:03]

    Command_to_Execute follows below:
>> lsdisp


    Output from Command_to_Execute follows below:

---- start ----



DEV_NAME  SLOT  BUS  ADPT_NAME  DESCRIPTION                                    
========  ====  ===  =========  ===========                                    
bbl0      0J    buc  GXT150     GXT150 Graphics Adapter                        

   Default display = bbl0




---- end ----

[Jan 21 1999, 19:36:04]


(Selector screen selected,
	FastPath  = "chdisptype",
	id        = "chdisptype",
	next_id   = "chdisptype_dial",
	title     = "".)

(Dialogue screen selected,
	FastPath    = "chdisptype",
	id          = "chdisptype_dial",
	title       = "Select the Display Type".)

[Jan 21 1999, 19:36:35]

    Command_to_Execute follows below:
>> chdev -P -l 'bbl0' -a monitor_type='IBM6091_19'


    Output from Command_to_Execute follows below:

---- start ----

bbl0 changed


---- end ----

[Jan 21 1999, 19:36:37]


(Selector screen selected,
	FastPath  = "chres_refrt",
	id        = "chres_refrt",
	next_id   = "ch_",
	title     = "".)

(Dialogue screen selected,
	FastPath    = "chres_refrt",
	id          = "ch_res_refrt_dial",
	title       = "Select the Display Resolution and Refresh Rate".)

[Jan 21 1999, 19:37:01]

    Command_to_Execute follows below:
>>  tmp_dsp_id='bbl0' ; tmp_dsp_type='IBM6091_19' ; chdev -P -l $tmp_dsp_id -a $tmp_dsp_type='1280x1024@67Hz'


    Output from Command_to_Execute follows below:

---- start ----

bbl0 changed


---- end ----

[Jan 21 1999, 19:37:02]



[Jan 21 1999, 19:37:37]
    Exiting SMIT


[Feb 03 1999, 22:01:22]
    Starting SMIT

(Dialogue screen selected,
	FastPath    = "mkuser",
	id          = "mkuser",
	title       = "Add a User".)


[Feb 03 1999, 22:01:54]
    Starting SMIT

(Dialogue screen selected,
	FastPath    = "mkgroup",
	id          = "mkgroup",
	title       = "Add a Group".)

[Feb 03 1999, 22:02:02]

    Command_to_Execute follows below:
>> mkgroup -'A' id='99' postfix


    Output from Command_to_Execute follows below:

---- start ----



---- end ----

[Feb 03 1999, 22:02:04]



[Feb 03 1999, 22:02:05]
    Exiting SMIT

[Feb 03 1999, 22:03:12]

    Command_to_Execute follows below:
>> x() {
LIST=
SET_A=
for i in "$@"
do
        if [ "$i" = "admin=true" ]
        then
                SET_A="-a"
                continue
        fi
        LIST="$LIST \"$i\""
done
eval mkuser $SET_A $LIST
}
x id='99' admin='false' pgrp='postfix' groups='postfix' home='/var/spool/postfix' shell='/usr/bin/false' gecos='PostFix' login='false' rlogin='false' postfix


    Output from Command_to_Execute follows below:

---- start ----



---- end ----

[Feb 03 1999, 22:03:15]



[Feb 03 1999, 22:03:16]
    Exiting SMIT


[Feb 03 1999, 22:18:59]
    Starting SMIT

(Dialogue screen selected,
	FastPath    = "mkgroup",
	id          = "mkgroup",
	title       = "Add a Group".)

[Feb 03 1999, 22:19:03]

    Command_to_Execute follows below:
>> mkgroup -'A' maildrop


    Output from Command_to_Execute follows below:

---- start ----



---- end ----

[Feb 03 1999, 22:19:04]



[Feb 03 1999, 22:19:05]
    Exiting SMIT


[Jul 10 1999, 07:05:28]
    Starting SMIT

(Menu screen selected,
	FastPath    = "top_menu",
	id_seq_num  = "0",
	next_id     = "top_menu",
	title       = "System Management".)

(Menu screen selected,
	FastPath    = "security",
	id_seq_num  = "040",
	next_id     = "security",
	title       = "Security & Users".)

(Menu screen selected,
	FastPath    = "users",
	id_seq_num  = "010",
	next_id     = "users",
	title       = "Users".)

(Dialogue screen selected,
	FastPath    = "mkuser",
	id          = "mkuser",
	title       = "Add a User".)


[Jul 10 1999, 07:07:14]
    Exiting SMIT

[Jul 10 1999, 07:07:18]
    Starting SMIT

(Menu screen selected,
	FastPath    = "top_menu",
	id_seq_num  = "0",
	next_id     = "top_menu",
	title       = "System Management".)

(Menu screen selected,
	FastPath    = "security",
	id_seq_num  = "040",
	next_id     = "security",
	title       = "Security & Users".)

(Menu screen selected,
	FastPath    = "users",
	id_seq_num  = "010",
	next_id     = "users",
	title       = "Users".)

(Dialogue screen selected,
	FastPath    = "mkuser",
	id          = "mkuser",
	title       = "Add a User".)


[Jul 10 1999, 07:07:44]
    Exiting SMIT

[Jul 10 1999, 07:07:53]
    Starting SMIT

(Menu screen selected as FastPath,
	id          = "security",
	id_seq_num  = "010",
	next_id     = "users",
	title       = "Users".)

(Menu screen selected,
	FastPath    = "users",
	id_seq_num  = "010",
	next_id     = "users",
	title       = "Users".)

(Dialogue screen selected,
	FastPath    = "mkuser",
	id          = "mkuser",
	title       = "Add a User".)

[Jul 10 1999, 07:09:58]

    Command_to_Execute follows below:
>> x() {
LIST=
SET_A=
for i in "$@"
do
        if [ "$i" = "admin=true" ]
        then
                SET_A="-a"
                continue
        fi
        LIST="$LIST \"$i\""
done
eval mkuser $SET_A $LIST
}
x pgrp='staff' groups='daemon' gecos='A test user' loginretries='5' hugo


    Output from Command_to_Execute follows below:

---- start ----

3004-689 User "hugo" exists.


---- end ----

1800-035 Exit status (17) returned by command.
(Command process used stdout and stderr file
descriptors connected to SMIT via pipes.)

[Jul 10 1999, 07:09:59]


[Jul 10 1999, 07:10:09]

    Command_to_Execute follows below:
>> x() {
LIST=
SET_A=
for i in "$@"
do
        if [ "$i" = "admin=true" ]
        then
                SET_A="-a"
                continue
        fi
        LIST="$LIST \"$i\""
done
eval mkuser $SET_A $LIST
}
x pgrp='staff' groups='daemon' gecos='A test user' loginretries='5' otto


    Output from Command_to_Execute follows below:

---- start ----

3004-686 Group "daemon" does not exist.


---- end ----

1800-035 Exit status (2) returned by command.
(Command process used stdout and stderr file
descriptors connected to SMIT via pipes.)

[Jul 10 1999, 07:10:10]


[Jul 10 1999, 07:10:22]

    Command_to_Execute follows below:
>> x() {
LIST=
SET_A=
for i in "$@"
do
        if [ "$i" = "admin=true" ]
        then
                SET_A="-a"
                continue
        fi
        LIST="$LIST \"$i\""
done
eval mkuser $SET_A $LIST
}
x pgrp='staff' groups='usr' gecos='A test user' loginretries='5' otto


    Output from Command_to_Execute follows below:

---- start ----



---- end ----

[Jul 10 1999, 07:10:24]



[Jul 10 1999, 07:10:26]
    Exiting SMIT
